#
# A fatal error has been detected by the Java Runtime Environment:
#
#  EXCEPTION_ACCESS_VIOLATION (0xc0000005) at pc=0x0000000070a93000, pid=4900, tid=3384
#
# JRE version: 7.0_01-b08
# Java VM: Java HotSpot(TM) 64-Bit Server VM (21.1-b02 mixed mode windows-amd64 compressed oops)
# Problematic frame:
# V  [jvm.dll+0x1f3000]
#
# Failed to write core dump. Minidumps are not enabled by default on client versions of Windows
#
# If you would like to submit a bug report, please visit:
#   http://bugreport.sun.com/bugreport/crash.jsp
#

---------------  T H R E A D  ---------------

Current thread (0x00000000064a9800):  JavaThread "JDWP Transport Listener: dt_socket" daemon [_thread_in_vm, id=3384, stack(0x0000000007b60000,0x0000000007c60000)]

siginfo: ExceptionCode=0xc0000005, reading address 0x0000000000000010

Registers:
RAX=0x0000000000000010, RBX=0x00000000064a9800, RCX=0x0000000000000010, RDX=0x0000000000000009
RSP=0x0000000007c5f508, RBP=0x0000000007c5f630, RSI=0x00000000ec142488, RDI=0x0000000000000000
R8 =0x0000000000000000, R9 =0x0000000000000000, R10=0x0000000000000009, R11=0x00000000000007ff
R12=0x0000000000000000, R13=0x0000000000000000, R14=0x0000000000000000, R15=0x0000000000000000
RIP=0x0000000070a93000, EFLAGS=0x0000000000010206

Top of Stack: (sp=0x0000000007c5f508)
0x0000000007c5f508:   000000007098d534 0000000000000001
0x0000000007c5f518:   0000000000000000 00000000064b61d8
0x0000000007c5f528:   0000000007c5f600 00000000064a9800
0x0000000007c5f538:   0000000000000000 00000000064b61d8
0x0000000007c5f548:   0000000007c5f630 0000000000000000
0x0000000007c5f558:   0000000000000000 00000000064a99d0
0x0000000007c5f568:   0000000072bf7d15 0000000007c5f600
0x0000000007c5f578:   0000000007c5f630 00000000064b61d8
0x0000000007c5f588:   00000000064a99d0 000000000cb3500a
0x0000000007c5f598:   0000000072bff09c 0000000006010a01
0x0000000007c5f5a8:   0000000007c5f6a0 0000000000000001
0x0000000007c5f5b8:   0000000000000001 0000142600000013
0x0000000007c5f5c8:   0000000006010a00 000000000237b3c0
0x0000000007c5f5d8:   0000000000000000 0000142600000013
0x0000000007c5f5e8:   0000000006010a00 000000000237b3c0
0x0000000007c5f5f8:   00000000709fd87a 000000000237b3c8 

Instructions: (pc=0x0000000070a93000)
0x0000000070a92fe0:   45 33 c0 4c 63 d2 45 8b c8 85 d2 7e 3e 41 bb ff
0x0000000070a92ff0:   07 00 00 66 66 66 66 66 0f 1f 84 00 00 00 00 00
0x0000000070a93000:   42 0f b7 14 49 8d 42 ff 66 83 f8 7e 77 05 41 ff
0x0000000070a93010:   c0 eb 10 66 41 3b d3 77 06 41 83 c0 02 eb 04 41 


Register to memory mapping:

RAX=0x0000000000000010 is an unknown value
RBX=0x00000000064a9800 is a thread
RCX=0x0000000000000010 is an unknown value
RDX=0x0000000000000009 is an unknown value
RSP=0x0000000007c5f508 is pointing into the stack for thread: 0x00000000064a9800
RBP=0x0000000007c5f630 is pointing into the stack for thread: 0x00000000064a9800
RSI=0x00000000ec142488 is an oop
java.lang.String 
 - klass: 'java/lang/String'
RDI=0x0000000000000000 is an unknown value
R8 =0x0000000000000000 is an unknown value
R9 =0x0000000000000000 is an unknown value
R10=0x0000000000000009 is an unknown value
R11=0x00000000000007ff is an unknown value
R12=0x0000000000000000 is an unknown value
R13=0x0000000000000000 is an unknown value
R14=0x0000000000000000 is an unknown value
R15=0x0000000000000000 is an unknown value


Stack: [0x0000000007b60000,0x0000000007c60000],  sp=0x0000000007c5f508,  free space=1021k
Native frames: (J=compiled Java code, j=interpreted, Vv=VM code, C=native code)
V  [jvm.dll+0x1f3000]
C  0x000000000000012c


---------------  P R O C E S S  ---------------

Java Threads: ( => current thread )
  0x000000000993e000 JavaThread "Thread-9" [_thread_in_native, id=1636, stack(0x000000000e5d0000,0x000000000e6d0000)]
  0x0000000009941000 JavaThread "D3D Screen Updater" daemon [_thread_blocked, id=3904, stack(0x0000000012020000,0x0000000012120000)]
  0x000000000993f800 JavaThread "Swing-Shell" daemon [_thread_blocked, id=4064, stack(0x000000000ef10000,0x000000000f010000)]
  0x000000000993f000 JavaThread "AWT-EventQueue-0" [_thread_blocked, id=2468, stack(0x000000000eca0000,0x000000000eda0000)]
  0x000000000993d800 JavaThread "AWT-Windows" daemon [_thread_in_native, id=4980, stack(0x000000000e3e0000,0x000000000e4e0000)]
  0x000000000993c800 JavaThread "AWT-Shutdown" [_thread_blocked, id=3012, stack(0x000000000e250000,0x000000000e350000)]
  0x000000000993c000 JavaThread "Java2D Disposer" daemon [_thread_blocked, id=1216, stack(0x000000000e0b0000,0x000000000e1b0000)]
  0x000000000993b000 JavaThread "Java Sound Sequencer" [_thread_blocked, id=1140, stack(0x000000000ded0000,0x000000000dfd0000)]
  0x000000000a7b1000 JavaThread "Thread-3" daemon [_thread_blocked, id=1060, stack(0x000000000d8e0000,0x000000000d9e0000)]
  0x000000000ae1b800 JavaThread "Thread-2" daemon [_thread_blocked, id=2832, stack(0x000000000b3b0000,0x000000000b4b0000)]
  0x000000000cbe8800 JavaThread "Java Sound Event Dispatcher" daemon [_thread_blocked, id=4424, stack(0x0000000008a70000,0x0000000008b70000)]
  0x0000000006542800 JavaThread "Java Sound Event Dispatcher" daemon [_thread_blocked, id=4868, stack(0x0000000008970000,0x0000000008a70000)]
  0x00000000064cb000 JavaThread "Service Thread" daemon [_thread_blocked, id=2760, stack(0x0000000008140000,0x0000000008240000)]
  0x00000000064c8800 JavaThread "C2 CompilerThread1" daemon [_thread_blocked, id=4988, stack(0x0000000008040000,0x0000000008140000)]
  0x00000000064c5000 JavaThread "C2 CompilerThread0" daemon [_thread_blocked, id=1728, stack(0x0000000007ec0000,0x0000000007fc0000)]
  0x00000000064b8000 JavaThread "JDWP Command Reader" daemon [_thread_in_native, id=4264, stack(0x0000000007ca0000,0x0000000007da0000)]
  0x00000000064b5000 JavaThread "JDWP Event Helper Thread" daemon [_thread_blocked, id=4972, stack(0x00000000078e0000,0x00000000079e0000)]
=>0x00000000064a9800 JavaThread "JDWP Transport Listener: dt_socket" daemon [_thread_in_vm, id=3384, stack(0x0000000007b60000,0x0000000007c60000)]
  0x000000000649f000 JavaThread "Attach Listener" daemon [_thread_blocked, id=2304, stack(0x0000000006bf0000,0x0000000006cf0000)]
  0x000000000649a000 JavaThread "Signal Dispatcher" daemon [_thread_blocked, id=3600, stack(0x0000000006e50000,0x0000000006f50000)]
  0x0000000002430800 JavaThread "Finalizer" daemon [_thread_blocked, id=4540, stack(0x0000000006d00000,0x0000000006e00000)]
  0x000000000242f000 JavaThread "Reference Handler" daemon [_thread_blocked, id=3884, stack(0x00000000068f0000,0x00000000069f0000)]
  0x000000000039b800 JavaThread "main" [_thread_blocked, id=5040, stack(0x00000000026c0000,0x00000000027c0000)]

Other Threads:
  0x0000000002425800 VMThread [stack: 0x0000000006a60000,0x0000000006b60000] [id=3540]
  0x00000000064e4000 WatcherThread [stack: 0x0000000008330000,0x0000000008430000] [id=1152]

VM state:not at safepoint (normal execution)

VM Mutex/Monitor currently owned by a thread: None

Heap
 PSYoungGen      total 65024K, used 10846K [0x00000000ebb60000, 0x00000000efd60000, 0x0000000100000000)
  eden space 62464K, 13% used [0x00000000ebb60000,0x00000000ec37a7e8,0x00000000ef860000)
  from space 2560K, 99% used [0x00000000efae0000,0x00000000efd5d340,0x00000000efd60000)
  to   space 2560K, 0% used [0x00000000ef860000,0x00000000ef860000,0x00000000efae0000)
 PSOldGen        total 41600K, used 10805K [0x00000000c3200000, 0x00000000c5aa0000, 0x00000000ebb60000)
  object space 41600K, 25% used [0x00000000c3200000,0x00000000c3c8d668,0x00000000c5aa0000)
 PSPermGen       total 21248K, used 13241K [0x00000000be000000, 0x00000000bf4c0000, 0x00000000c3200000)
  object space 21248K, 62% used [0x00000000be000000,0x00000000becee450,0x00000000bf4c0000)

Code Cache  [0x00000000027c0000, 0x0000000002a30000, 0x00000000057c0000)
 total_blobs=634 nmethods=193 adapters=400 free_code_cache=48036Kb largest_free_block=49107840

Dynamic libraries:
0x000000013f340000 - 0x000000013f373000 	C:\Program Files\Java\jdk1.7.0_01\bin\javaw.exe
0x0000000076cc0000 - 0x0000000076e69000 	C:\Windows\SYSTEM32\ntdll.dll
0x0000000076ba0000 - 0x0000000076cbf000 	C:\Windows\system32\kernel32.dll
0x000007fefd440000 - 0x000007fefd4ac000 	C:\Windows\system32\KERNELBASE.dll
0x000007fefeea0000 - 0x000007fefef7b000 	C:\Windows\system32\ADVAPI32.dll
0x000007fefeaf0000 - 0x000007fefeb8f000 	C:\Windows\system32\msvcrt.dll
0x000007fefecc0000 - 0x000007fefecdf000 	C:\Windows\SYSTEM32\sechost.dll
0x000007fefeb90000 - 0x000007fefecbd000 	C:\Windows\system32\RPCRT4.dll
0x0000000076aa0000 - 0x0000000076b9a000 	C:\Windows\system32\USER32.dll
0x000007fefd8b0000 - 0x000007fefd917000 	C:\Windows\system32\GDI32.dll
0x000007fefe830000 - 0x000007fefe83e000 	C:\Windows\system32\LPK.dll
0x000007fefedd0000 - 0x000007fefee99000 	C:\Windows\system32\USP10.dll
0x000007fefb650000 - 0x000007fefb844000 	C:\Windows\WinSxS\amd64_microsoft.windows.common-controls_6595b64144ccf1df_6.0.7601.17514_none_fa396087175ac9ac\COMCTL32.dll
0x000007fefecf0000 - 0x000007fefed61000 	C:\Windows\system32\SHLWAPI.dll
0x000007fefd4f0000 - 0x000007fefd51e000 	C:\Windows\system32\IMM32.DLL
0x000007fefd520000 - 0x000007fefd629000 	C:\Windows\system32\MSCTF.dll
0x0000000180000000 - 0x0000000180064000 	C:\Windows\system32\guard64.dll
0x000007fefd100000 - 0x000007fefd109000 	C:\Windows\system32\fltlib.dll
0x0000000072d40000 - 0x0000000072e11000 	C:\Program Files\Java\jdk1.7.0_01\jre\bin\msvcr100.dll
0x00000000708a0000 - 0x0000000070f6d000 	C:\Program Files\Java\jdk1.7.0_01\jre\bin\server\jvm.dll
0x000007fefa790000 - 0x000007fefa799000 	C:\Windows\system32\WSOCK32.dll
0x000007fefef80000 - 0x000007fefefcd000 	C:\Windows\system32\WS2_32.dll
0x000007fefece0000 - 0x000007fefece8000 	C:\Windows\system32\NSI.dll
0x000007fefbd60000 - 0x000007fefbd9b000 	C:\Windows\system32\WINMM.dll
0x0000000076e80000 - 0x0000000076e87000 	C:\Windows\system32\PSAPI.DLL
0x00000000741f0000 - 0x00000000741ff000 	C:\Program Files\Java\jdk1.7.0_01\jre\bin\verify.dll
0x00000000741c0000 - 0x00000000741e8000 	C:\Program Files\Java\jdk1.7.0_01\jre\bin\java.dll
0x0000000072bf0000 - 0x0000000072c25000 	C:\Program Files\Java\jdk1.7.0_01\jre\bin\jdwp.dll
0x00000000735d0000 - 0x00000000735d8000 	C:\Program Files\Java\jdk1.7.0_01\jre\bin\npt.dll
0x00000000741a0000 - 0x00000000741b5000 	C:\Program Files\Java\jdk1.7.0_01\jre\bin\zip.dll
0x0000000074190000 - 0x0000000074199000 	C:\Program Files\Java\jdk1.7.0_01\jre\bin\dt_socket.dll
0x000007fefa490000 - 0x000007fefa4a5000 	C:\Windows\system32\NLAapi.dll
0x000007fef78f0000 - 0x000007fef7905000 	C:\Windows\system32\napinsp.dll
0x000007fef78d0000 - 0x000007fef78e9000 	C:\Windows\system32\pnrpnsp.dll
0x000007fef78c0000 - 0x000007fef78d0000 	C:\Windows\system32\wshbth.dll
0x00000000724b0000 - 0x00000000724d6000 	C:\Program Files\Bonjour\mdnsNSP.dll
0x000007fef9e90000 - 0x000007fef9eb7000 	C:\Windows\system32\Iphlpapi.DLL
0x000007fef9e70000 - 0x000007fef9e7b000 	C:\Windows\system32\WINNSI.DLL
0x000007fefc930000 - 0x000007fefc985000 	C:\Windows\System32\mswsock.dll
0x000007fefc7b0000 - 0x000007fefc80b000 	C:\Windows\system32\DNSAPI.dll
0x000007fef78b0000 - 0x000007fef78bb000 	C:\Windows\System32\winrnr.dll
0x000007fef7d10000 - 0x000007fef7d3f000 	C:\Program Files\Common Files\Microsoft Shared\Windows Live\WLIDNSP.DLL
0x000007fef9d60000 - 0x000007fef9db3000 	C:\Windows\System32\fwpuclnt.dll
0x000007fef7bb0000 - 0x000007fef7bb8000 	C:\Windows\system32\rasadhlp.dll
0x000007fefc2e0000 - 0x000007fefc2e7000 	C:\Windows\System32\wshtcpip.dll
0x0000000072c60000 - 0x0000000072c6c000 	C:\Program Files\Java\jdk1.7.0_01\jre\bin\jsound.dll
0x0000000072c50000 - 0x0000000072c5b000 	C:\Program Files\Java\jdk1.7.0_01\jre\bin\jsoundds.dll
0x000007fef5050000 - 0x000007fef50d8000 	C:\Windows\system32\DSOUND.dll
0x000007fefe8e0000 - 0x000007fefeae3000 	C:\Windows\system32\ole32.dll
0x000007fefafb0000 - 0x000007fefafdc000 	C:\Windows\system32\POWRPROF.dll
0x000007fefd6d0000 - 0x000007fefd8a7000 	C:\Windows\system32\SETUPAPI.dll
0x000007fefd4b0000 - 0x000007fefd4e6000 	C:\Windows\system32\CFGMGR32.dll
0x000007fefe6b0000 - 0x000007fefe787000 	C:\Windows\system32\OLEAUT32.dll
0x000007fefd420000 - 0x000007fefd43a000 	C:\Windows\system32\DEVOBJ.dll
0x000007fefd030000 - 0x000007fefd03f000 	C:\Windows\system32\CRYPTBASE.dll
0x000007fefb390000 - 0x000007fefb3e6000 	C:\Windows\system32\uxtheme.dll
0x0000000002500000 - 0x0000000002554000 	C:\Program Files (x86)\Lenovo\Onekey Theater\ActiveDetect64.dll
0x0000000001d30000 - 0x0000000001d5b000 	C:\Program Files (x86)\Lenovo\Onekey Theater\WindowsApiHookDll64.dll
0x000007fefc2d0000 - 0x000007fefc2dc000 	C:\Windows\system32\VERSION.dll
0x000007fefaf50000 - 0x000007fefaf9b000 	C:\Windows\system32\MMDevAPI.DLL
0x000007fefb420000 - 0x000007fefb54c000 	C:\Windows\system32\PROPSYS.dll
0x000007fefa4b0000 - 0x000007fefa4eb000 	C:\Windows\system32\wdmaud.drv
0x0000000074550000 - 0x0000000074556000 	C:\Windows\system32\ksuser.dll
0x000007fefaa80000 - 0x000007fefaa89000 	C:\Windows\system32\AVRT.dll
0x000007fefa6e0000 - 0x000007fefa72f000 	C:\Windows\system32\AUDIOSES.DLL
0x000007fefa670000 - 0x000007fefa67a000 	C:\Windows\system32\msacm32.drv
0x000007fefa2b0000 - 0x000007fefa2c8000 	C:\Windows\system32\MSACM32.dll
0x000007fefa2a0000 - 0x000007fefa2a9000 	C:\Windows\system32\midimap.dll
0x000007fefd630000 - 0x000007fefd6c9000 	C:\Windows\system32\CLBCatQ.DLL
0x000007fefaf30000 - 0x000007fefaf48000 	C:\Windows\system32\dwmapi.dll
0x0000000070700000 - 0x0000000070893000 	C:\Program Files\Java\jdk1.7.0_01\jre\bin\awt.dll
0x000007fefd920000 - 0x000007fefe6a8000 	C:\Windows\system32\SHELL32.dll
0x000007fefbb70000 - 0x000007fefbc10000 	C:\Windows\WinSxS\amd64_microsoft.windows.common-controls_6595b64144ccf1df_5.82.7601.17514_none_a4d6a923711520a9\comctl32.dll
0x0000000072d00000 - 0x0000000072d34000 	C:\Program Files\Java\jdk1.7.0_01\jre\bin\fontmanager.dll
0x000007feea7d0000 - 0x000007feea9cf000 	C:\Windows\system32\d3d9.dll
0x000007fefa220000 - 0x000007fefa227000 	C:\Windows\system32\d3d8thk.dll
0x000007fefa210000 - 0x000007fefa21d000 	C:\Windows\system32\atiu9p64.dll
0x00000000701f0000 - 0x00000000706f1000 	C:\Windows\system32\atiumd64.dll
0x000000006dd60000 - 0x000000006e07b000 	C:\Windows\system32\atiumd6a.dll
0x0000000072ce0000 - 0x0000000072cf9000 	C:\Program Files\Java\jdk1.7.0_01\jre\bin\net.dll
0x000007fefc920000 - 0x000007fefc927000 	C:\Windows\System32\wship6.dll
0x0000000072cc0000 - 0x0000000072cd1000 	C:\Program Files\Java\jdk1.7.0_01\jre\bin\nio.dll
0x0000000072c70000 - 0x0000000072cb1000 	C:\Program Files\Java\jdk1.7.0_01\jre\bin\t2k.dll
0x000007fefa740000 - 0x000007fefa76d000 	C:\Windows\system32\ntmarta.dll
0x000007fefed70000 - 0x000007fefedc2000 	C:\Windows\system32\WLDAP32.dll
0x000007fefcfd0000 - 0x000007fefd027000 	C:\Windows\system32\apphelp.dll
0x000007fef4c20000 - 0x000007fef4dbc000 	C:\Windows\system32\NetworkExplorer.dll
0x000007fef6090000 - 0x000007fef60c4000 	C:\Windows\System32\shdocvw.dll
0x000007fefd110000 - 0x000007fefd11f000 	C:\Windows\system32\profapi.dll
0x000007fefa6c0000 - 0x000007fefa6cb000 	C:\Windows\system32\slc.dll
0x000007fefbcf0000 - 0x000007fefbd08000 	C:\Windows\system32\MPR.dll
0x000007fef2730000 - 0x000007fef273a000 	C:\Windows\System32\drprov.dll
0x000007fefcae0000 - 0x000007fefcb1d000 	C:\Windows\System32\WINSTA.dll
0x000007feee260000 - 0x000007feee282000 	C:\Windows\System32\ntlanman.dll
0x000007fef11c0000 - 0x000007fef11dc000 	C:\Windows\System32\davclnt.dll
0x000007fef2600000 - 0x000007fef260a000 	C:\Windows\System32\DAVHLPR.dll
0x000007fefbd10000 - 0x000007fefbd25000 	C:\Windows\system32\wkscli.dll
0x000007fef65b0000 - 0x000007fef65bf000 	C:\Windows\system32\cscapi.dll
0x000007fefbd30000 - 0x000007fefbd3c000 	C:\Windows\system32\netutils.dll
0x000007feebe80000 - 0x000007feec0f1000 	C:\Windows\system32\wpdshext.dll
0x000007fefb170000 - 0x000007fefb385000 	C:\Windows\WinSxS\amd64_microsoft.windows.gdiplus_6595b64144ccf1df_1.1.7601.17514_none_2b24536c71ed437a\gdiplus.dll
0x000007fef7ae0000 - 0x000007fef7b9d000 	C:\Windows\system32\PortableDeviceApi.dll
0x000007fefd270000 - 0x000007fefd2aa000 	C:\Windows\system32\WINTRUST.dll
0x0000000011260000 - 0x00000000113c7000 	C:\Windows\system32\CRYPT32.dll
0x000007fefd1c0000 - 0x000007fefd1cf000 	C:\Windows\system32\MSASN1.dll
0x000007fef6650000 - 0x000007fef6685000 	C:\Windows\system32\EhStorShell.dll
0x000007fef7fb0000 - 0x000007fef7fd7000 	C:\Windows\system32\EhStorAPI.dll
0x000007fef6080000 - 0x000007fef608c000 	C:\Windows\system32\LINKINFO.dll
0x000007fefac20000 - 0x000007fefad4a000 	C:\Windows\system32\WindowsCodecs.dll
0x0000000072370000 - 0x0000000072386000 	C:\Program Files\Common Files\TortoiseOverlays\TortoiseOverlays.dll
0x0000000072360000 - 0x0000000072370000 	C:\Program Files\TortoiseSVN\bin\TortoiseStub.dll
0x00000000722e0000 - 0x0000000072358000 	C:\Program Files\TortoiseSVN\bin\TortoiseSVN.dll
0x0000000076730000 - 0x000000007688a000 	C:\Windows\system32\WININET.dll
0x0000000076e90000 - 0x0000000076e93000 	C:\Windows\system32\Normaliz.dll
0x0000000076890000 - 0x0000000076a9f000 	C:\Windows\system32\iertutil.dll
0x00000000765e0000 - 0x000000007672d000 	C:\Windows\system32\urlmon.dll
0x000007fef67b0000 - 0x000007fef6b8c000 	C:\Program Files\TortoiseSVN\bin\libsvn_tsvn.dll
0x00000000722b0000 - 0x00000000722db000 	C:\Program Files\TortoiseSVN\bin\libapr_tsvn.dll
0x0000000072180000 - 0x00000000721c1000 	C:\Program Files\TortoiseSVN\bin\libaprutil_tsvn.dll
0x000007fef6ba0000 - 0x000007fef6bb0000 	C:\Program Files\TortoiseSVN\bin\intl3_tsvn.dll
0x000007fef6790000 - 0x000007fef67aa000 	C:\Program Files\TortoiseSVN\bin\libsasl.dll
0x000007fefcdd0000 - 0x000007fefcddb000 	C:\Windows\system32\Secur32.dll
0x000007fefcfa0000 - 0x000007fefcfc5000 	C:\Windows\system32\SSPICLI.DLL
0x00000000720e0000 - 0x0000000072178000 	C:\Windows\system32\MSVCP100.dll
0x0000000006a10000 - 0x0000000006a2c000 	C:\Users\Homer\AppData\Roaming\Dropbox\bin\DropboxExt64.14.dll
0x000007fefc0c0000 - 0x000007fefc1e5000 	C:\Windows\system32\dbghelp.dll
0x000007fef66f0000 - 0x000007fef6786000 	C:\Windows\system32\msvcp60.dll
0x000007fef65d0000 - 0x000007fef664e000 	C:\Windows\System32\cscui.dll

VM Arguments:
jvm_args: -agentlib:jdwp=transport=dt_socket,suspend=y,address=localhost:49435 -Dfile.encoding=Cp1252 
java_command: Beatbox.BeatBox_main Martin
Launcher Type: SUN_STANDARD

Environment Variables:
PATH=C:\Program Files\Java\jdk1.7.0_01\jre\bin;C:\Program Files\Common Files\Microsoft Shared\Windows Live;C:\Program Files (x86)\Common Files\Microsoft Shared\Windows Live;C:\Windows\system32;C:\Windows;C:\Windows\System32\Wbem;C:\Windows\System32\WindowsPowerShell\v1.0\;C:\Program Files (x86)\ATI Technologies\ATI.ACE\Core-Static;C:\Program Files\TortoiseSVN\bin;C:\Program Files (x86)\Windows Live\Shared
USERNAME=Homer
OS=Windows_NT
PROCESSOR_IDENTIFIER=Intel64 Family 6 Model 37 Stepping 5, GenuineIntel



---------------  S Y S T E M  ---------------

OS: Windows 7 , 64 bit Build 7601 Service Pack 1

CPU:total 4 (2 cores per cpu, 2 threads per core) family 6 model 37 stepping 5, cmov, cx8, fxsr, mmx, sse, sse2, sse3, ssse3, sse4.1, sse4.2, popcnt, ht

Memory: 4k page, physical 3985896k(2250244k free), swap 7969944k(5564180k free)

vm_info: Java HotSpot(TM) 64-Bit Server VM (21.1-b02) for windows-amd64 JRE (1.7.0_01-b08), built on Oct  3 2011 01:39:25 by "java_re" with unknown MS VC++:1600

time: Thu Jan 12 07:29:28 2012
elapsed time: 114 seconds

